Flow report for Aula6_Codigo_Concorrente_WITH-SELECT-WHEN
Thu Mar 23 16:10:03 2023
Quartus Prime Version 18.1.0 Build 625 09/12/2018 SJ Lite Edition


---------------------
; Table of Contents ;
---------------------
  1. Legal Notice
  2. Flow Summary
  3. Flow Settings
  4. Flow Non-Default Global Settings
  5. Flow Elapsed Time
  6. Flow OS Summary
  7. Flow Log
  8. Flow Messages
  9. Flow Suppressed Messages



----------------
; Legal Notice ;
----------------
Copyright (C) 2018  Intel Corporation. All rights reserved.
Your use of Intel Corporation's design tools, logic functions 
and other software and tools, and its AMPP partner logic 
functions, and any output files from any of the foregoing 
(including device programming or simulation files), and any 
associated documentation or information are expressly subject 
to the terms and conditions of the Intel Program License 
Subscription Agreement, the Intel Quartus Prime License Agreement,
the Intel FPGA IP License Agreement, or other applicable license
agreement, including, without limitation, that your use is for
the sole purpose of programming logic devices manufactured by
Intel and sold by Intel or its authorized distributors.  Please
refer to the applicable agreement for further details.



+----------------------------------------------------------------------------------+
; Flow Summary                                                                     ;
+------------------------------------+---------------------------------------------+
; Flow Status                        ; Successful - Thu Mar 23 16:10:03 2023       ;
; Quartus Prime Version              ; 18.1.0 Build 625 09/12/2018 SJ Lite Edition ;
; Revision Name                      ; Aula6_Codigo_Concorrente_WITH-SELECT-WHEN   ;
; Top-level Entity Name              ; Exercicio3                                  ;
; Family                             ; Cyclone IV E                                ;
; Device                             ; EP4CE22F17C6                                ;
; Timing Models                      ; Final                                       ;
; Total logic elements               ; 4 / 22,320 ( < 1 % )                        ;
;     Total combinational functions  ; 4 / 22,320 ( < 1 % )                        ;
;     Dedicated logic registers      ; 0 / 22,320 ( 0 % )                          ;
; Total registers                    ; 0                                           ;
; Total pins                         ; 7 / 154 ( 5 % )                             ;
; Total virtual pins                 ; 0                                           ;
; Total memory bits                  ; 0 / 608,256 ( 0 % )                         ;
; Embedded Multiplier 9-bit elements ; 0 / 132 ( 0 % )                             ;
; Total PLLs                         ; 0 / 4 ( 0 % )                               ;
+------------------------------------+---------------------------------------------+


+---------------------------------------------------------------+
; Flow Settings                                                 ;
+-------------------+-------------------------------------------+
; Option            ; Setting                                   ;
+-------------------+-------------------------------------------+
; Start date & time ; 03/23/2023 16:09:41                       ;
; Main task         ; Compilation                               ;
; Revision Name     ; Aula6_Codigo_Concorrente_WITH-SELECT-WHEN ;
+-------------------+-------------------------------------------+


+---------------------------------------------------------------------------------------------------------------------------------------------------------+
; Flow Non-Default Global Settings                                                                                                                        ;
+-------------------------------------+----------------------------------------+-------------------------------------------+-------------+----------------+
; Assignment Name                     ; Value                                  ; Default Value                             ; Entity Name ; Section Id     ;
+-------------------------------------+----------------------------------------+-------------------------------------------+-------------+----------------+
; COMPILER_SIGNATURE_ID               ; 27116745701051.167959858104392         ; --                                        ; --          ; --             ;
; EDA_OUTPUT_DATA_FORMAT              ; Vhdl                                   ; --                                        ; --          ; eda_simulation ;
; EDA_SIMULATION_TOOL                 ; ModelSim-Altera (VHDL)                 ; <None>                                    ; --          ; --             ;
; EDA_TIME_SCALE                      ; 1 ps                                   ; --                                        ; --          ; eda_simulation ;
; MAX_CORE_JUNCTION_TEMP              ; 85                                     ; --                                        ; --          ; --             ;
; MIN_CORE_JUNCTION_TEMP              ; 0                                      ; --                                        ; --          ; --             ;
; PARTITION_COLOR                     ; -- (Not supported for targeted family) ; --                                        ; Exercicio3  ; Top            ;
; PARTITION_FITTER_PRESERVATION_LEVEL ; -- (Not supported for targeted family) ; --                                        ; Exercicio3  ; Top            ;
; PARTITION_NETLIST_TYPE              ; -- (Not supported for targeted family) ; --                                        ; Exercicio3  ; Top            ;
; PROJECT_OUTPUT_DIRECTORY            ; output_files                           ; --                                        ; --          ; --             ;
; TOP_LEVEL_ENTITY                    ; Exercicio3                             ; Aula6_Codigo_Concorrente_WITH-SELECT-WHEN ; --          ; --             ;
+-------------------------------------+----------------------------------------+-------------------------------------------+-------------+----------------+


+--------------------------------------------------------------------------------------------------------------------------+
; Flow Elapsed Time                                                                                                        ;
+----------------------+--------------+-------------------------+---------------------+------------------------------------+
; Module Name          ; Elapsed Time ; Average Processors Used ; Peak Virtual Memory ; Total CPU Time (on all processors) ;
+----------------------+--------------+-------------------------+---------------------+------------------------------------+
; Analysis & Synthesis ; 00:00:10     ; 1.0                     ; 4784 MB             ; 00:00:23                           ;
; Fitter               ; 00:00:04     ; 1.0                     ; 5499 MB             ; 00:00:05                           ;
; Assembler            ; 00:00:01     ; 1.0                     ; 4668 MB             ; 00:00:01                           ;
; Timing Analyzer      ; 00:00:02     ; 1.0                     ; 4774 MB             ; 00:00:02                           ;
; EDA Netlist Writer   ; 00:00:01     ; 1.0                     ; 4632 MB             ; 00:00:01                           ;
; Total                ; 00:00:18     ; --                      ; --                  ; 00:00:32                           ;
+----------------------+--------------+-------------------------+---------------------+------------------------------------+


+------------------------------------------------------------------------------------+
; Flow OS Summary                                                                    ;
+----------------------+------------------+------------+------------+----------------+
; Module Name          ; Machine Hostname ; OS Name    ; OS Version ; Processor type ;
+----------------------+------------------+------------+------------+----------------+
; Analysis & Synthesis ; E307-515051      ; Windows 10 ; 10.0       ; x86_64         ;
; Fitter               ; E307-515051      ; Windows 10 ; 10.0       ; x86_64         ;
; Assembler            ; E307-515051      ; Windows 10 ; 10.0       ; x86_64         ;
; Timing Analyzer      ; E307-515051      ; Windows 10 ; 10.0       ; x86_64         ;
; EDA Netlist Writer   ; E307-515051      ; Windows 10 ; 10.0       ; x86_64         ;
+----------------------+------------------+------------+------------+----------------+


------------
; Flow Log ;
------------
quartus_map --read_settings_files=on --write_settings_files=off Aula6_Codigo_Concorrente_WITH-SELECT-WHEN -c Aula6_Codigo_Concorrente_WITH-SELECT-WHEN
quartus_fit --read_settings_files=off --write_settings_files=off Aula6_Codigo_Concorrente_WITH-SELECT-WHEN -c Aula6_Codigo_Concorrente_WITH-SELECT-WHEN
quartus_asm --read_settings_files=off --write_settings_files=off Aula6_Codigo_Concorrente_WITH-SELECT-WHEN -c Aula6_Codigo_Concorrente_WITH-SELECT-WHEN
quartus_sta Aula6_Codigo_Concorrente_WITH-SELECT-WHEN -c Aula6_Codigo_Concorrente_WITH-SELECT-WHEN
quartus_eda --read_settings_files=off --write_settings_files=off Aula6_Codigo_Concorrente_WITH-SELECT-WHEN -c Aula6_Codigo_Concorrente_WITH-SELECT-WHEN



